{"D:\\apprentissage\\codeline-melvynx\\beginJavascript\\M9-les_tests\\beginjavascript-9.tests\\generatePassword.js": {"path":"D:\\apprentissage\\codeline-melvynx\\beginJavascript\\M9-les_tests\\beginjavascript-9.tests\\generatePassword.js","all":true,"statementMap":{"0":{"start":{"line":1,"column":0},"end":{"line":1,"column":37}},"1":{"start":{"line":2,"column":0},"end":{"line":2,"column":0}},"2":{"start":{"line":3,"column":0},"end":{"line":3,"column":37}},"3":{"start":{"line":4,"column":0},"end":{"line":4,"column":69}},"4":{"start":{"line":5,"column":0},"end":{"line":5,"column":0}},"5":{"start":{"line":6,"column":0},"end":{"line":6,"column":58}},"6":{"start":{"line":7,"column":0},"end":{"line":7,"column":20}},"7":{"start":{"line":8,"column":0},"end":{"line":8,"column":80}},"8":{"start":{"line":9,"column":0},"end":{"line":9,"column":6}},"9":{"start":{"line":10,"column":0},"end":{"line":10,"column":3}},"10":{"start":{"line":11,"column":0},"end":{"line":11,"column":0}},"11":{"start":{"line":12,"column":0},"end":{"line":12,"column":16}},"12":{"start":{"line":13,"column":0},"end":{"line":13,"column":1}},"13":{"start":{"line":14,"column":0},"end":{"line":14,"column":0}},"14":{"start":{"line":15,"column":0},"end":{"line":15,"column":35}},"15":{"start":{"line":16,"column":0},"end":{"line":16,"column":59}},"16":{"start":{"line":17,"column":0},"end":{"line":17,"column":0}},"17":{"start":{"line":18,"column":0},"end":{"line":18,"column":43}},"18":{"start":{"line":19,"column":0},"end":{"line":19,"column":75}},"19":{"start":{"line":20,"column":0},"end":{"line":20,"column":3}},"20":{"start":{"line":21,"column":0},"end":{"line":21,"column":0}},"21":{"start":{"line":22,"column":0},"end":{"line":22,"column":25}},"22":{"start":{"line":23,"column":0},"end":{"line":23,"column":1}},"23":{"start":{"line":24,"column":0},"end":{"line":24,"column":0}},"24":{"start":{"line":25,"column":0},"end":{"line":25,"column":30}},"25":{"start":{"line":26,"column":0},"end":{"line":26,"column":48}},"26":{"start":{"line":27,"column":0},"end":{"line":27,"column":0}},"27":{"start":{"line":28,"column":0},"end":{"line":28,"column":43}},"28":{"start":{"line":29,"column":0},"end":{"line":29,"column":75}},"29":{"start":{"line":30,"column":0},"end":{"line":30,"column":3}},"30":{"start":{"line":31,"column":0},"end":{"line":31,"column":0}},"31":{"start":{"line":32,"column":0},"end":{"line":32,"column":25}},"32":{"start":{"line":33,"column":0},"end":{"line":33,"column":1}},"33":{"start":{"line":34,"column":0},"end":{"line":34,"column":0}},"34":{"start":{"line":35,"column":0},"end":{"line":35,"column":32}},"35":{"start":{"line":36,"column":0},"end":{"line":36,"column":50}},"36":{"start":{"line":37,"column":0},"end":{"line":37,"column":0}},"37":{"start":{"line":38,"column":0},"end":{"line":38,"column":43}},"38":{"start":{"line":39,"column":0},"end":{"line":39,"column":75}},"39":{"start":{"line":40,"column":0},"end":{"line":40,"column":3}},"40":{"start":{"line":41,"column":0},"end":{"line":41,"column":0}},"41":{"start":{"line":42,"column":0},"end":{"line":42,"column":25}},"42":{"start":{"line":43,"column":0},"end":{"line":43,"column":1}},"43":{"start":{"line":44,"column":0},"end":{"line":44,"column":0}},"44":{"start":{"line":45,"column":0},"end":{"line":45,"column":54}},"45":{"start":{"line":46,"column":0},"end":{"line":46,"column":54}},"46":{"start":{"line":47,"column":0},"end":{"line":47,"column":37}},"47":{"start":{"line":48,"column":0},"end":{"line":48,"column":36}},"48":{"start":{"line":49,"column":0},"end":{"line":49,"column":0}},"49":{"start":{"line":50,"column":0},"end":{"line":50,"column":71}},"50":{"start":{"line":51,"column":0},"end":{"line":51,"column":26}},"51":{"start":{"line":52,"column":0},"end":{"line":52,"column":35}},"52":{"start":{"line":53,"column":0},"end":{"line":53,"column":34}},"53":{"start":{"line":54,"column":0},"end":{"line":54,"column":38}},"54":{"start":{"line":55,"column":0},"end":{"line":55,"column":0}},"55":{"start":{"line":56,"column":0},"end":{"line":56,"column":20}},"56":{"start":{"line":57,"column":0},"end":{"line":57,"column":42}},"57":{"start":{"line":58,"column":0},"end":{"line":58,"column":36}},"58":{"start":{"line":59,"column":0},"end":{"line":59,"column":65}},"59":{"start":{"line":60,"column":0},"end":{"line":60,"column":37}},"60":{"start":{"line":61,"column":0},"end":{"line":61,"column":3}},"61":{"start":{"line":62,"column":0},"end":{"line":62,"column":0}},"62":{"start":{"line":63,"column":0},"end":{"line":63,"column":57}},"63":{"start":{"line":64,"column":0},"end":{"line":64,"column":65}},"64":{"start":{"line":65,"column":0},"end":{"line":65,"column":3}},"65":{"start":{"line":66,"column":0},"end":{"line":66,"column":0}},"66":{"start":{"line":67,"column":0},"end":{"line":67,"column":51}},"67":{"start":{"line":68,"column":0},"end":{"line":68,"column":65}},"68":{"start":{"line":69,"column":0},"end":{"line":69,"column":3}},"69":{"start":{"line":70,"column":0},"end":{"line":70,"column":0}},"70":{"start":{"line":71,"column":0},"end":{"line":71,"column":18}},"71":{"start":{"line":72,"column":0},"end":{"line":72,"column":1}}},"s":{"0":0,"1":0,"2":0,"3":0,"4":0,"5":0,"6":0,"7":0,"8":0,"9":0,"10":0,"11":0,"12":0,"13":0,"14":0,"15":0,"16":0,"17":0,"18":0,"19":0,"20":0,"21":0,"22":0,"23":0,"24":0,"25":0,"26":0,"27":0,"28":0,"29":0,"30":0,"31":0,"32":0,"33":0,"34":0,"35":0,"36":0,"37":0,"38":0,"39":0,"40":0,"41":0,"42":0,"43":0,"44":0,"45":0,"46":0,"47":0,"48":0,"49":0,"50":0,"51":0,"52":0,"53":0,"54":0,"55":0,"56":0,"57":0,"58":0,"59":0,"60":0,"61":0,"62":0,"63":0,"64":0,"65":0,"66":0,"67":0,"68":0,"69":0,"70":0,"71":0},"branchMap":{"0":{"type":"branch","line":1,"loc":{"start":{"line":1,"column":0},"end":{"line":72,"column":1}},"locations":[{"start":{"line":1,"column":0},"end":{"line":72,"column":1}}]}},"b":{"0":[0]},"fnMap":{"0":{"name":"(empty-report)","decl":{"start":{"line":1,"column":0},"end":{"line":72,"column":1}},"loc":{"start":{"line":1,"column":0},"end":{"line":72,"column":1}},"line":1}},"f":{"0":0}}
,"D:\\apprentissage\\codeline-melvynx\\beginJavascript\\M9-les_tests\\beginjavascript-9.tests\\index.js": {"path":"D:\\apprentissage\\codeline-melvynx\\beginJavascript\\M9-les_tests\\beginjavascript-9.tests\\index.js","all":true,"statementMap":{"0":{"start":{"line":1,"column":0},"end":{"line":1,"column":8}},"1":{"start":{"line":2,"column":0},"end":{"line":2,"column":13}},"2":{"start":{"line":3,"column":0},"end":{"line":3,"column":20}},"3":{"start":{"line":4,"column":0},"end":{"line":4,"column":18}},"4":{"start":{"line":5,"column":0},"end":{"line":5,"column":15}},"5":{"start":{"line":6,"column":0},"end":{"line":6,"column":19}},"6":{"start":{"line":7,"column":0},"end":{"line":7,"column":31}},"7":{"start":{"line":8,"column":0},"end":{"line":8,"column":0}},"8":{"start":{"line":9,"column":0},"end":{"line":9,"column":17}},"9":{"start":{"line":10,"column":0},"end":{"line":10,"column":20}},"10":{"start":{"line":11,"column":0},"end":{"line":11,"column":21}},"11":{"start":{"line":12,"column":0},"end":{"line":12,"column":21}},"12":{"start":{"line":13,"column":0},"end":{"line":13,"column":23}},"13":{"start":{"line":14,"column":0},"end":{"line":14,"column":0}},"14":{"start":{"line":15,"column":0},"end":{"line":15,"column":9}},"15":{"start":{"line":16,"column":0},"end":{"line":16,"column":22}},"16":{"start":{"line":17,"column":0},"end":{"line":17,"column":23}},"17":{"start":{"line":18,"column":0},"end":{"line":18,"column":23}},"18":{"start":{"line":19,"column":0},"end":{"line":19,"column":22}},"19":{"start":{"line":20,"column":0},"end":{"line":20,"column":5}},"20":{"start":{"line":21,"column":0},"end":{"line":21,"column":9}},"21":{"start":{"line":22,"column":0},"end":{"line":22,"column":28}},"22":{"start":{"line":23,"column":0},"end":{"line":23,"column":37}},"23":{"start":{"line":24,"column":0},"end":{"line":24,"column":7}},"24":{"start":{"line":25,"column":0},"end":{"line":25,"column":29}},"25":{"start":{"line":26,"column":0},"end":{"line":26,"column":36}},"26":{"start":{"line":27,"column":0},"end":{"line":27,"column":7}},"27":{"start":{"line":28,"column":0},"end":{"line":28,"column":29}},"28":{"start":{"line":29,"column":0},"end":{"line":29,"column":31}},"29":{"start":{"line":30,"column":0},"end":{"line":30,"column":7}},"30":{"start":{"line":31,"column":0},"end":{"line":31,"column":31}},"31":{"start":{"line":32,"column":0},"end":{"line":32,"column":35}},"32":{"start":{"line":33,"column":0},"end":{"line":33,"column":7}},"33":{"start":{"line":34,"column":0},"end":{"line":34,"column":21}},"34":{"start":{"line":35,"column":0},"end":{"line":35,"column":35}},"35":{"start":{"line":36,"column":0},"end":{"line":36,"column":5}},"36":{"start":{"line":37,"column":0},"end":{"line":37,"column":3}},"37":{"start":{"line":38,"column":0},"end":{"line":38,"column":0}},"38":{"start":{"line":39,"column":0},"end":{"line":39,"column":73}},"39":{"start":{"line":40,"column":0},"end":{"line":40,"column":0}},"40":{"start":{"line":41,"column":0},"end":{"line":41,"column":69}},"41":{"start":{"line":42,"column":0},"end":{"line":42,"column":1}},"42":{"start":{"line":43,"column":0},"end":{"line":43,"column":0}},"43":{"start":{"line":44,"column":0},"end":{"line":44,"column":7}}},"s":{"0":0,"1":0,"2":0,"3":0,"4":0,"5":0,"6":0,"7":0,"8":0,"9":0,"10":0,"11":0,"12":0,"13":0,"14":0,"15":0,"16":0,"17":0,"18":0,"19":0,"20":0,"21":0,"22":0,"23":0,"24":0,"25":0,"26":0,"27":0,"28":0,"29":0,"30":0,"31":0,"32":0,"33":0,"34":0,"35":0,"36":0,"37":0,"38":0,"39":0,"40":0,"41":0,"42":0,"43":0},"branchMap":{"0":{"type":"branch","line":1,"loc":{"start":{"line":1,"column":0},"end":{"line":44,"column":7}},"locations":[{"start":{"line":1,"column":0},"end":{"line":44,"column":7}}]}},"b":{"0":[0]},"fnMap":{"0":{"name":"(empty-report)","decl":{"start":{"line":1,"column":0},"end":{"line":44,"column":7}},"loc":{"start":{"line":1,"column":0},"end":{"line":44,"column":7}},"line":1}},"f":{"0":0}}
,"D:\\apprentissage\\codeline-melvynx\\beginJavascript\\M9-les_tests\\beginjavascript-9.tests\\prompt.js": {"path":"D:\\apprentissage\\codeline-melvynx\\beginJavascript\\M9-les_tests\\beginjavascript-9.tests\\prompt.js","all":true,"statementMap":{"0":{"start":{"line":1,"column":0},"end":{"line":1,"column":41}},"1":{"start":{"line":2,"column":0},"end":{"line":2,"column":0}},"2":{"start":{"line":3,"column":0},"end":{"line":3,"column":53}},"3":{"start":{"line":4,"column":0},"end":{"line":4,"column":90}},"4":{"start":{"line":5,"column":0},"end":{"line":5,"column":43}},"5":{"start":{"line":6,"column":0},"end":{"line":6,"column":34}},"6":{"start":{"line":7,"column":0},"end":{"line":7,"column":71}},"7":{"start":{"line":8,"column":0},"end":{"line":8,"column":49}},"8":{"start":{"line":9,"column":0},"end":{"line":9,"column":0}},"9":{"start":{"line":10,"column":0},"end":{"line":10,"column":16}},"10":{"start":{"line":11,"column":0},"end":{"line":11,"column":1}}},"s":{"0":0,"1":0,"2":0,"3":0,"4":0,"5":0,"6":0,"7":0,"8":0,"9":0,"10":0},"branchMap":{"0":{"type":"branch","line":1,"loc":{"start":{"line":1,"column":0},"end":{"line":11,"column":1}},"locations":[{"start":{"line":1,"column":0},"end":{"line":11,"column":1}}]}},"b":{"0":[0]},"fnMap":{"0":{"name":"(empty-report)","decl":{"start":{"line":1,"column":0},"end":{"line":11,"column":1}},"loc":{"start":{"line":1,"column":0},"end":{"line":11,"column":1}},"line":1}},"f":{"0":0}}
,"D:\\apprentissage\\codeline-melvynx\\beginJavascript\\M9-les_tests\\beginjavascript-9.tests\\robots\\House.js": {"path":"D:\\apprentissage\\codeline-melvynx\\beginJavascript\\M9-les_tests\\beginjavascript-9.tests\\robots\\House.js","all":false,"statementMap":{"0":{"start":{"line":1,"column":0},"end":{"line":1,"column":35}},"1":{"start":{"line":2,"column":0},"end":{"line":2,"column":35}},"2":{"start":{"line":3,"column":0},"end":{"line":3,"column":0}},"3":{"start":{"line":4,"column":0},"end":{"line":4,"column":20}},"4":{"start":{"line":5,"column":0},"end":{"line":5,"column":5}},"5":{"start":{"line":6,"column":0},"end":{"line":6,"column":4}},"6":{"start":{"line":7,"column":0},"end":{"line":7,"column":30}},"7":{"start":{"line":8,"column":0},"end":{"line":8,"column":25}},"8":{"start":{"line":9,"column":0},"end":{"line":9,"column":5}},"9":{"start":{"line":10,"column":0},"end":{"line":10,"column":30}},"10":{"start":{"line":11,"column":0},"end":{"line":11,"column":25}},"11":{"start":{"line":12,"column":0},"end":{"line":12,"column":23}},"12":{"start":{"line":13,"column":0},"end":{"line":13,"column":3}},"13":{"start":{"line":14,"column":0},"end":{"line":14,"column":0}},"14":{"start":{"line":15,"column":0},"end":{"line":15,"column":23}},"15":{"start":{"line":16,"column":0},"end":{"line":16,"column":41}},"16":{"start":{"line":17,"column":0},"end":{"line":17,"column":0}},"17":{"start":{"line":18,"column":0},"end":{"line":18,"column":45}},"18":{"start":{"line":19,"column":0},"end":{"line":19,"column":56}},"19":{"start":{"line":20,"column":0},"end":{"line":20,"column":22}},"20":{"start":{"line":21,"column":0},"end":{"line":21,"column":5}},"21":{"start":{"line":22,"column":0},"end":{"line":22,"column":0}},"22":{"start":{"line":23,"column":0},"end":{"line":23,"column":33}},"23":{"start":{"line":24,"column":0},"end":{"line":24,"column":31}},"24":{"start":{"line":25,"column":0},"end":{"line":25,"column":50}},"25":{"start":{"line":26,"column":0},"end":{"line":26,"column":55}},"26":{"start":{"line":27,"column":0},"end":{"line":27,"column":40}},"27":{"start":{"line":28,"column":0},"end":{"line":28,"column":81}},"28":{"start":{"line":29,"column":0},"end":{"line":29,"column":0}},"29":{"start":{"line":30,"column":0},"end":{"line":30,"column":71}},"30":{"start":{"line":31,"column":0},"end":{"line":31,"column":39}},"31":{"start":{"line":32,"column":0},"end":{"line":32,"column":39}},"32":{"start":{"line":33,"column":0},"end":{"line":33,"column":11}},"33":{"start":{"line":34,"column":0},"end":{"line":34,"column":9}},"34":{"start":{"line":35,"column":0},"end":{"line":35,"column":7}},"35":{"start":{"line":36,"column":0},"end":{"line":36,"column":5}},"36":{"start":{"line":37,"column":0},"end":{"line":37,"column":0}},"37":{"start":{"line":38,"column":0},"end":{"line":38,"column":29}},"38":{"start":{"line":39,"column":0},"end":{"line":39,"column":3}},"39":{"start":{"line":40,"column":0},"end":{"line":40,"column":0}},"40":{"start":{"line":41,"column":0},"end":{"line":41,"column":16}},"41":{"start":{"line":42,"column":0},"end":{"line":42,"column":74}},"42":{"start":{"line":43,"column":0},"end":{"line":43,"column":3}},"43":{"start":{"line":44,"column":0},"end":{"line":44,"column":0}},"44":{"start":{"line":45,"column":0},"end":{"line":45,"column":19}},"45":{"start":{"line":46,"column":0},"end":{"line":46,"column":28}},"46":{"start":{"line":47,"column":0},"end":{"line":47,"column":30}},"47":{"start":{"line":48,"column":0},"end":{"line":48,"column":3}},"48":{"start":{"line":49,"column":0},"end":{"line":49,"column":0}},"49":{"start":{"line":50,"column":0},"end":{"line":50,"column":15}},"50":{"start":{"line":51,"column":0},"end":{"line":51,"column":50}},"51":{"start":{"line":52,"column":0},"end":{"line":52,"column":19}},"52":{"start":{"line":53,"column":0},"end":{"line":53,"column":55}},"53":{"start":{"line":54,"column":0},"end":{"line":54,"column":12}},"54":{"start":{"line":55,"column":0},"end":{"line":55,"column":23}},"55":{"start":{"line":56,"column":0},"end":{"line":56,"column":41}},"56":{"start":{"line":57,"column":0},"end":{"line":57,"column":38}},"57":{"start":{"line":58,"column":0},"end":{"line":58,"column":11}},"58":{"start":{"line":59,"column":0},"end":{"line":59,"column":22}},"59":{"start":{"line":60,"column":0},"end":{"line":60,"column":16}},"60":{"start":{"line":61,"column":0},"end":{"line":61,"column":46}},"61":{"start":{"line":62,"column":0},"end":{"line":62,"column":9}},"62":{"start":{"line":63,"column":0},"end":{"line":63,"column":7}},"63":{"start":{"line":64,"column":0},"end":{"line":64,"column":23}},"64":{"start":{"line":65,"column":0},"end":{"line":65,"column":5}},"65":{"start":{"line":66,"column":0},"end":{"line":66,"column":3}},"66":{"start":{"line":67,"column":0},"end":{"line":67,"column":1}}},"s":{"0":1,"1":1,"2":1,"3":1,"4":1,"5":1,"6":1,"7":1,"8":1,"9":1,"10":6,"11":6,"12":6,"13":1,"14":1,"15":5,"16":5,"17":5,"18":5,"19":2,"20":2,"21":3,"22":3,"23":3,"24":5,"25":9,"26":27,"27":3,"28":3,"29":3,"30":3,"31":3,"32":3,"33":3,"34":27,"35":9,"36":3,"37":3,"38":5,"39":1,"40":1,"41":2,"42":2,"43":1,"44":1,"45":0,"46":0,"47":0,"48":1,"49":1,"50":1,"51":3,"52":3,"53":9,"54":9,"55":9,"56":3,"57":9,"58":1,"59":9,"60":8,"61":8,"62":9,"63":3,"64":3,"65":1,"66":1},"branchMap":{"0":{"type":"branch","line":10,"loc":{"start":{"line":10,"column":2},"end":{"line":13,"column":3}},"locations":[{"start":{"line":10,"column":2},"end":{"line":13,"column":3}}]},"1":{"type":"branch","line":15,"loc":{"start":{"line":15,"column":2},"end":{"line":39,"column":3}},"locations":[{"start":{"line":15,"column":2},"end":{"line":39,"column":3}}]},"2":{"type":"branch","line":19,"loc":{"start":{"line":19,"column":55},"end":{"line":25,"column":49}},"locations":[{"start":{"line":19,"column":55},"end":{"line":25,"column":49}}]},"3":{"type":"branch","line":19,"loc":{"start":{"line":19,"column":55},"end":{"line":21,"column":5}},"locations":[{"start":{"line":19,"column":55},"end":{"line":21,"column":5}}]},"4":{"type":"branch","line":22,"loc":{"start":{"line":22,"column":-1},"end":{"line":25,"column":49}},"locations":[{"start":{"line":22,"column":-1},"end":{"line":25,"column":49}}]},"5":{"type":"branch","line":25,"loc":{"start":{"line":25,"column":49},"end":{"line":36,"column":5}},"locations":[{"start":{"line":25,"column":49},"end":{"line":36,"column":5}}]},"6":{"type":"branch","line":26,"loc":{"start":{"line":26,"column":54},"end":{"line":35,"column":7}},"locations":[{"start":{"line":26,"column":54},"end":{"line":35,"column":7}}]},"7":{"type":"branch","line":27,"loc":{"start":{"line":27,"column":39},"end":{"line":34,"column":9}},"locations":[{"start":{"line":27,"column":39},"end":{"line":34,"column":9}}]},"8":{"type":"branch","line":30,"loc":{"start":{"line":30,"column":39},"end":{"line":30,"column":68}},"locations":[{"start":{"line":30,"column":39},"end":{"line":30,"column":68}}]},"9":{"type":"branch","line":37,"loc":{"start":{"line":37,"column":-1},"end":{"line":39,"column":2}},"locations":[{"start":{"line":37,"column":-1},"end":{"line":39,"column":2}}]},"10":{"type":"branch","line":41,"loc":{"start":{"line":41,"column":2},"end":{"line":43,"column":3}},"locations":[{"start":{"line":41,"column":2},"end":{"line":43,"column":3}}]},"11":{"type":"branch","line":42,"loc":{"start":{"line":42,"column":29},"end":{"line":42,"column":72}},"locations":[{"start":{"line":42,"column":29},"end":{"line":42,"column":72}}]},"12":{"type":"branch","line":42,"loc":{"start":{"line":42,"column":47},"end":{"line":42,"column":71}},"locations":[{"start":{"line":42,"column":47},"end":{"line":42,"column":71}}]},"13":{"type":"branch","line":50,"loc":{"start":{"line":50,"column":2},"end":{"line":66,"column":3}},"locations":[{"start":{"line":50,"column":2},"end":{"line":66,"column":3}}]},"14":{"type":"branch","line":51,"loc":{"start":{"line":51,"column":49},"end":{"line":65,"column":5}},"locations":[{"start":{"line":51,"column":49},"end":{"line":65,"column":5}}]},"15":{"type":"branch","line":53,"loc":{"start":{"line":53,"column":54},"end":{"line":63,"column":7}},"locations":[{"start":{"line":53,"column":54},"end":{"line":63,"column":7}}]},"16":{"type":"branch","line":56,"loc":{"start":{"line":56,"column":39},"end":{"line":57,"column":38}},"locations":[{"start":{"line":56,"column":39},"end":{"line":57,"column":38}}]},"17":{"type":"branch","line":58,"loc":{"start":{"line":58,"column":10},"end":{"line":60,"column":9}},"locations":[{"start":{"line":58,"column":10},"end":{"line":60,"column":9}}]},"18":{"type":"branch","line":60,"loc":{"start":{"line":60,"column":9},"end":{"line":62,"column":9}},"locations":[{"start":{"line":60,"column":9},"end":{"line":62,"column":9}}]}},"b":{"0":[6],"1":[5],"2":[4],"3":[2],"4":[3],"5":[9],"6":[27],"7":[3],"8":[1],"9":[3],"10":[2],"11":[2],"12":[6],"13":[1],"14":[3],"15":[9],"16":[3],"17":[1],"18":[8]},"fnMap":{"0":{"name":"House","decl":{"start":{"line":10,"column":2},"end":{"line":13,"column":3}},"loc":{"start":{"line":10,"column":2},"end":{"line":13,"column":3}},"line":10},"1":{"name":"nearestDirtyPiece","decl":{"start":{"line":15,"column":2},"end":{"line":39,"column":3}},"loc":{"start":{"line":15,"column":2},"end":{"line":39,"column":3}},"line":15},"2":{"name":"isAllClean","decl":{"start":{"line":41,"column":2},"end":{"line":43,"column":3}},"loc":{"start":{"line":41,"column":2},"end":{"line":43,"column":3}},"line":41},"3":{"name":"clean","decl":{"start":{"line":45,"column":2},"end":{"line":48,"column":3}},"loc":{"start":{"line":45,"column":2},"end":{"line":48,"column":3}},"line":45},"4":{"name":"logLayout","decl":{"start":{"line":50,"column":2},"end":{"line":66,"column":3}},"loc":{"start":{"line":50,"column":2},"end":{"line":66,"column":3}},"line":50}},"f":{"0":6,"1":5,"2":2,"3":0,"4":1}}
,"D:\\apprentissage\\codeline-melvynx\\beginJavascript\\M9-les_tests\\beginjavascript-9.tests\\robots\\Piece.js": {"path":"D:\\apprentissage\\codeline-melvynx\\beginJavascript\\M9-les_tests\\beginjavascript-9.tests\\robots\\Piece.js","all":false,"statementMap":{"0":{"start":{"line":1,"column":0},"end":{"line":1,"column":40}},"1":{"start":{"line":2,"column":0},"end":{"line":2,"column":20}},"2":{"start":{"line":3,"column":0},"end":{"line":3,"column":5}},"3":{"start":{"line":4,"column":0},"end":{"line":4,"column":56}},"4":{"start":{"line":5,"column":0},"end":{"line":5,"column":5}},"5":{"start":{"line":6,"column":0},"end":{"line":6,"column":22}},"6":{"start":{"line":7,"column":0},"end":{"line":7,"column":23}},"7":{"start":{"line":8,"column":0},"end":{"line":8,"column":3}},"8":{"start":{"line":9,"column":0},"end":{"line":9,"column":0}},"9":{"start":{"line":10,"column":0},"end":{"line":10,"column":14}},"10":{"start":{"line":11,"column":0},"end":{"line":11,"column":33}},"11":{"start":{"line":12,"column":0},"end":{"line":12,"column":18}},"12":{"start":{"line":13,"column":0},"end":{"line":13,"column":5}},"13":{"start":{"line":14,"column":0},"end":{"line":14,"column":0}},"14":{"start":{"line":15,"column":0},"end":{"line":15,"column":42}},"15":{"start":{"line":16,"column":0},"end":{"line":16,"column":18}},"16":{"start":{"line":17,"column":0},"end":{"line":17,"column":5}},"17":{"start":{"line":18,"column":0},"end":{"line":18,"column":0}},"18":{"start":{"line":19,"column":0},"end":{"line":19,"column":16}},"19":{"start":{"line":20,"column":0},"end":{"line":20,"column":3}},"20":{"start":{"line":21,"column":0},"end":{"line":21,"column":0}},"21":{"start":{"line":22,"column":0},"end":{"line":22,"column":17}},"22":{"start":{"line":23,"column":0},"end":{"line":23,"column":34}},"23":{"start":{"line":24,"column":0},"end":{"line":24,"column":3}},"24":{"start":{"line":25,"column":0},"end":{"line":25,"column":0}},"25":{"start":{"line":26,"column":0},"end":{"line":26,"column":17}},"26":{"start":{"line":27,"column":0},"end":{"line":27,"column":69}},"27":{"start":{"line":28,"column":0},"end":{"line":28,"column":3}},"28":{"start":{"line":29,"column":0},"end":{"line":29,"column":0}},"29":{"start":{"line":30,"column":0},"end":{"line":30,"column":11}},"30":{"start":{"line":31,"column":0},"end":{"line":31,"column":39}},"31":{"start":{"line":32,"column":0},"end":{"line":32,"column":34}},"32":{"start":{"line":33,"column":0},"end":{"line":33,"column":3}},"33":{"start":{"line":34,"column":0},"end":{"line":34,"column":1}}},"s":{"0":1,"1":1,"2":1,"3":1,"4":1,"5":1,"6":62,"7":62,"8":1,"9":1,"10":11,"11":7,"12":7,"13":4,"14":11,"15":1,"16":1,"17":3,"18":3,"19":11,"20":1,"21":1,"22":39,"23":39,"24":1,"25":1,"26":3,"27":3,"28":1,"29":1,"30":2,"31":1,"32":2,"33":1},"branchMap":{"0":{"type":"branch","line":6,"loc":{"start":{"line":6,"column":2},"end":{"line":8,"column":3}},"locations":[{"start":{"line":6,"column":2},"end":{"line":8,"column":3}}]},"1":{"type":"branch","line":10,"loc":{"start":{"line":10,"column":2},"end":{"line":20,"column":3}},"locations":[{"start":{"line":10,"column":2},"end":{"line":20,"column":3}}]},"2":{"type":"branch","line":11,"loc":{"start":{"line":11,"column":32},"end":{"line":13,"column":5}},"locations":[{"start":{"line":11,"column":32},"end":{"line":13,"column":5}}]},"3":{"type":"branch","line":14,"loc":{"start":{"line":14,"column":-1},"end":{"line":15,"column":41}},"locations":[{"start":{"line":14,"column":-1},"end":{"line":15,"column":41}}]},"4":{"type":"branch","line":15,"loc":{"start":{"line":15,"column":41},"end":{"line":20,"column":2}},"locations":[{"start":{"line":15,"column":41},"end":{"line":20,"column":2}}]},"5":{"type":"branch","line":15,"loc":{"start":{"line":15,"column":41},"end":{"line":17,"column":5}},"locations":[{"start":{"line":15,"column":41},"end":{"line":17,"column":5}}]},"6":{"type":"branch","line":18,"loc":{"start":{"line":18,"column":-1},"end":{"line":20,"column":2}},"locations":[{"start":{"line":18,"column":-1},"end":{"line":20,"column":2}}]},"7":{"type":"branch","line":22,"loc":{"start":{"line":22,"column":2},"end":{"line":24,"column":3}},"locations":[{"start":{"line":22,"column":2},"end":{"line":24,"column":3}}]},"8":{"type":"branch","line":26,"loc":{"start":{"line":26,"column":2},"end":{"line":28,"column":3}},"locations":[{"start":{"line":26,"column":2},"end":{"line":28,"column":3}}]},"9":{"type":"branch","line":27,"loc":{"start":{"line":27,"column":34},"end":{"line":27,"column":68}},"locations":[{"start":{"line":27,"column":34},"end":{"line":27,"column":68}}]},"10":{"type":"branch","line":30,"loc":{"start":{"line":30,"column":2},"end":{"line":33,"column":3}},"locations":[{"start":{"line":30,"column":2},"end":{"line":33,"column":3}}]},"11":{"type":"branch","line":31,"loc":{"start":{"line":31,"column":32},"end":{"line":33,"column":2}},"locations":[{"start":{"line":31,"column":32},"end":{"line":33,"column":2}}]}},"b":{"0":[62],"1":[11],"2":[7],"3":[4],"4":[9],"5":[1],"6":[3],"7":[39],"8":[3],"9":[2],"10":[2],"11":[1]},"fnMap":{"0":{"name":"Piece","decl":{"start":{"line":6,"column":2},"end":{"line":8,"column":3}},"loc":{"start":{"line":6,"column":2},"end":{"line":8,"column":3}},"line":6},"1":{"name":"getEmoji","decl":{"start":{"line":10,"column":2},"end":{"line":20,"column":3}},"loc":{"start":{"line":10,"column":2},"end":{"line":20,"column":3}},"line":10},"2":{"name":"get isDirty","decl":{"start":{"line":22,"column":2},"end":{"line":24,"column":3}},"loc":{"start":{"line":22,"column":2},"end":{"line":24,"column":3}},"line":22},"3":{"name":"get isClean","decl":{"start":{"line":26,"column":2},"end":{"line":28,"column":3}},"loc":{"start":{"line":26,"column":2},"end":{"line":28,"column":3}},"line":26},"4":{"name":"clean","decl":{"start":{"line":30,"column":2},"end":{"line":33,"column":3}},"loc":{"start":{"line":30,"column":2},"end":{"line":33,"column":3}},"line":30}},"f":{"0":62,"1":11,"2":39,"3":3,"4":2}}
,"D:\\apprentissage\\codeline-melvynx\\beginJavascript\\M9-les_tests\\beginjavascript-9.tests\\robots\\Robot.js": {"path":"D:\\apprentissage\\codeline-melvynx\\beginJavascript\\M9-les_tests\\beginjavascript-9.tests\\robots\\Robot.js","all":false,"statementMap":{"0":{"start":{"line":1,"column":0},"end":{"line":1,"column":35}},"1":{"start":{"line":2,"column":0},"end":{"line":2,"column":35}},"2":{"start":{"line":3,"column":0},"end":{"line":3,"column":0}},"3":{"start":{"line":4,"column":0},"end":{"line":4,"column":20}},"4":{"start":{"line":5,"column":0},"end":{"line":5,"column":17}},"5":{"start":{"line":6,"column":0},"end":{"line":6,"column":27}},"6":{"start":{"line":7,"column":0},"end":{"line":7,"column":23}},"7":{"start":{"line":8,"column":0},"end":{"line":8,"column":3}},"8":{"start":{"line":9,"column":0},"end":{"line":9,"column":0}},"9":{"start":{"line":10,"column":0},"end":{"line":10,"column":5}},"10":{"start":{"line":11,"column":0},"end":{"line":11,"column":4}},"11":{"start":{"line":12,"column":0},"end":{"line":12,"column":33}},"12":{"start":{"line":13,"column":0},"end":{"line":13,"column":33}},"13":{"start":{"line":14,"column":0},"end":{"line":14,"column":5}},"14":{"start":{"line":15,"column":0},"end":{"line":15,"column":14}},"15":{"start":{"line":16,"column":0},"end":{"line":16,"column":36}},"16":{"start":{"line":17,"column":0},"end":{"line":17,"column":0}},"17":{"start":{"line":18,"column":0},"end":{"line":18,"column":45}},"18":{"start":{"line":19,"column":0},"end":{"line":19,"column":78}},"19":{"start":{"line":20,"column":0},"end":{"line":20,"column":13}},"20":{"start":{"line":21,"column":0},"end":{"line":21,"column":5}},"21":{"start":{"line":22,"column":0},"end":{"line":22,"column":0}},"22":{"start":{"line":23,"column":0},"end":{"line":23,"column":22}},"23":{"start":{"line":24,"column":0},"end":{"line":24,"column":65}},"24":{"start":{"line":25,"column":0},"end":{"line":25,"column":0}},"25":{"start":{"line":26,"column":0},"end":{"line":26,"column":16}},"26":{"start":{"line":27,"column":0},"end":{"line":27,"column":94}},"27":{"start":{"line":28,"column":0},"end":{"line":28,"column":6}},"28":{"start":{"line":29,"column":0},"end":{"line":29,"column":3}},"29":{"start":{"line":30,"column":0},"end":{"line":30,"column":0}},"30":{"start":{"line":31,"column":0},"end":{"line":31,"column":18}},"31":{"start":{"line":32,"column":0},"end":{"line":32,"column":28}},"32":{"start":{"line":33,"column":0},"end":{"line":33,"column":66}},"33":{"start":{"line":34,"column":0},"end":{"line":34,"column":29}},"34":{"start":{"line":35,"column":0},"end":{"line":35,"column":25}},"35":{"start":{"line":36,"column":0},"end":{"line":36,"column":64}},"36":{"start":{"line":37,"column":0},"end":{"line":37,"column":18}},"37":{"start":{"line":38,"column":0},"end":{"line":38,"column":5}},"38":{"start":{"line":39,"column":0},"end":{"line":39,"column":3}},"39":{"start":{"line":40,"column":0},"end":{"line":40,"column":0}},"40":{"start":{"line":41,"column":0},"end":{"line":41,"column":16}},"41":{"start":{"line":42,"column":0},"end":{"line":42,"column":22}},"42":{"start":{"line":43,"column":0},"end":{"line":43,"column":35}},"43":{"start":{"line":44,"column":0},"end":{"line":44,"column":54}},"44":{"start":{"line":45,"column":0},"end":{"line":45,"column":34}},"45":{"start":{"line":46,"column":0},"end":{"line":46,"column":28}},"46":{"start":{"line":47,"column":0},"end":{"line":47,"column":25}},"47":{"start":{"line":48,"column":0},"end":{"line":48,"column":14}},"48":{"start":{"line":49,"column":0},"end":{"line":49,"column":25}},"49":{"start":{"line":50,"column":0},"end":{"line":50,"column":7}},"50":{"start":{"line":51,"column":0},"end":{"line":51,"column":24}},"51":{"start":{"line":52,"column":0},"end":{"line":52,"column":5}},"52":{"start":{"line":53,"column":0},"end":{"line":53,"column":0}},"53":{"start":{"line":54,"column":0},"end":{"line":54,"column":26}},"54":{"start":{"line":55,"column":0},"end":{"line":55,"column":3}},"55":{"start":{"line":56,"column":0},"end":{"line":56,"column":0}},"56":{"start":{"line":57,"column":0},"end":{"line":57,"column":5}},"57":{"start":{"line":58,"column":0},"end":{"line":58,"column":4}},"58":{"start":{"line":59,"column":0},"end":{"line":59,"column":25}},"59":{"start":{"line":60,"column":0},"end":{"line":60,"column":5}},"60":{"start":{"line":61,"column":0},"end":{"line":61,"column":16}},"61":{"start":{"line":62,"column":0},"end":{"line":62,"column":22}},"62":{"start":{"line":63,"column":0},"end":{"line":63,"column":16}},"63":{"start":{"line":64,"column":0},"end":{"line":64,"column":91}},"64":{"start":{"line":65,"column":0},"end":{"line":65,"column":6}},"65":{"start":{"line":66,"column":0},"end":{"line":66,"column":0}},"66":{"start":{"line":67,"column":0},"end":{"line":67,"column":31}},"67":{"start":{"line":68,"column":0},"end":{"line":68,"column":0}},"68":{"start":{"line":69,"column":0},"end":{"line":69,"column":24}},"69":{"start":{"line":70,"column":0},"end":{"line":70,"column":3}},"70":{"start":{"line":71,"column":0},"end":{"line":71,"column":0}},"71":{"start":{"line":72,"column":0},"end":{"line":72,"column":5}},"72":{"start":{"line":73,"column":0},"end":{"line":73,"column":4}},"73":{"start":{"line":74,"column":0},"end":{"line":74,"column":25}},"74":{"start":{"line":75,"column":0},"end":{"line":75,"column":5}},"75":{"start":{"line":76,"column":0},"end":{"line":76,"column":17}},"76":{"start":{"line":77,"column":0},"end":{"line":77,"column":56}},"77":{"start":{"line":78,"column":0},"end":{"line":78,"column":29}},"78":{"start":{"line":79,"column":0},"end":{"line":79,"column":48}},"79":{"start":{"line":80,"column":0},"end":{"line":80,"column":19}},"80":{"start":{"line":81,"column":0},"end":{"line":81,"column":5}},"81":{"start":{"line":82,"column":0},"end":{"line":82,"column":0}},"82":{"start":{"line":83,"column":0},"end":{"line":83,"column":40}},"83":{"start":{"line":84,"column":0},"end":{"line":84,"column":59}},"84":{"start":{"line":85,"column":0},"end":{"line":85,"column":59}},"85":{"start":{"line":86,"column":0},"end":{"line":86,"column":0}},"86":{"start":{"line":87,"column":0},"end":{"line":87,"column":39}},"87":{"start":{"line":88,"column":0},"end":{"line":88,"column":24}},"88":{"start":{"line":89,"column":0},"end":{"line":89,"column":5}},"89":{"start":{"line":90,"column":0},"end":{"line":90,"column":0}},"90":{"start":{"line":91,"column":0},"end":{"line":91,"column":21}},"91":{"start":{"line":92,"column":0},"end":{"line":92,"column":22}},"92":{"start":{"line":93,"column":0},"end":{"line":93,"column":28}},"93":{"start":{"line":94,"column":0},"end":{"line":94,"column":23}},"94":{"start":{"line":95,"column":0},"end":{"line":95,"column":28}},"95":{"start":{"line":96,"column":0},"end":{"line":96,"column":22}},"96":{"start":{"line":97,"column":0},"end":{"line":97,"column":28}},"97":{"start":{"line":98,"column":0},"end":{"line":98,"column":23}},"98":{"start":{"line":99,"column":0},"end":{"line":99,"column":5}},"99":{"start":{"line":100,"column":0},"end":{"line":100,"column":0}},"100":{"start":{"line":101,"column":0},"end":{"line":101,"column":16}},"101":{"start":{"line":102,"column":0},"end":{"line":102,"column":3}},"102":{"start":{"line":103,"column":0},"end":{"line":103,"column":1}},"103":{"start":{"line":104,"column":0},"end":{"line":104,"column":0}},"104":{"start":{"line":105,"column":0},"end":{"line":105,"column":39}},"105":{"start":{"line":106,"column":0},"end":{"line":106,"column":25}},"106":{"start":{"line":107,"column":0},"end":{"line":107,"column":0}},"107":{"start":{"line":108,"column":0},"end":{"line":108,"column":37}},"108":{"start":{"line":109,"column":0},"end":{"line":109,"column":19}},"109":{"start":{"line":110,"column":0},"end":{"line":110,"column":0}},"110":{"start":{"line":111,"column":0},"end":{"line":111,"column":39}},"111":{"start":{"line":112,"column":0},"end":{"line":112,"column":35}},"112":{"start":{"line":113,"column":0},"end":{"line":113,"column":60}},"113":{"start":{"line":114,"column":0},"end":{"line":114,"column":5}},"114":{"start":{"line":115,"column":0},"end":{"line":115,"column":26}},"115":{"start":{"line":116,"column":0},"end":{"line":116,"column":3}},"116":{"start":{"line":117,"column":0},"end":{"line":117,"column":21}},"117":{"start":{"line":118,"column":0},"end":{"line":118,"column":2}}},"s":{"0":1,"1":1,"2":1,"3":1,"4":1,"5":12,"6":12,"7":12,"8":1,"9":1,"10":1,"11":1,"12":1,"13":1,"14":1,"15":3,"16":3,"17":3,"18":2,"19":2,"20":2,"21":1,"22":1,"23":1,"24":1,"25":1,"26":1,"27":1,"28":3,"29":1,"30":1,"31":6,"32":1,"33":1,"34":1,"35":1,"36":1,"37":1,"38":6,"39":1,"40":1,"41":3,"42":3,"43":3,"44":3,"45":30,"46":15,"47":15,"48":15,"49":15,"50":30,"51":30,"52":3,"53":3,"54":3,"55":1,"56":1,"57":1,"58":1,"59":1,"60":1,"61":1,"62":1,"63":1,"64":1,"65":1,"66":1,"67":1,"68":1,"69":1,"70":1,"71":1,"72":1,"73":1,"74":1,"75":1,"76":3,"77":3,"78":1,"79":1,"80":1,"81":2,"82":2,"83":2,"84":2,"85":2,"86":3,"87":1,"88":1,"89":2,"90":3,"91":0,"92":3,"93":1,"94":1,"95":0,"96":1,"97":0,"98":0,"99":2,"100":2,"101":3,"102":1,"103":1,"104":1,"105":1,"106":1,"107":1,"108":5,"109":5,"110":5,"111":25,"112":25,"113":25,"114":5,"115":5,"116":1,"117":1},"branchMap":{"0":{"type":"branch","line":5,"loc":{"start":{"line":5,"column":2},"end":{"line":8,"column":3}},"locations":[{"start":{"line":5,"column":2},"end":{"line":8,"column":3}}]},"1":{"type":"branch","line":15,"loc":{"start":{"line":15,"column":2},"end":{"line":29,"column":3}},"locations":[{"start":{"line":15,"column":2},"end":{"line":29,"column":3}}]},"2":{"type":"branch","line":16,"loc":{"start":{"line":16,"column":29},"end":{"line":16,"column":36}},"locations":[{"start":{"line":16,"column":29},"end":{"line":16,"column":36}}]},"3":{"type":"branch","line":18,"loc":{"start":{"line":18,"column":24},"end":{"line":18,"column":42}},"locations":[{"start":{"line":18,"column":24},"end":{"line":18,"column":42}}]},"4":{"type":"branch","line":18,"loc":{"start":{"line":18,"column":44},"end":{"line":21,"column":5}},"locations":[{"start":{"line":18,"column":44},"end":{"line":21,"column":5}}]},"5":{"type":"branch","line":22,"loc":{"start":{"line":22,"column":-1},"end":{"line":29,"column":2}},"locations":[{"start":{"line":22,"column":-1},"end":{"line":29,"column":2}}]},"6":{"type":"branch","line":31,"loc":{"start":{"line":31,"column":2},"end":{"line":39,"column":3}},"locations":[{"start":{"line":31,"column":2},"end":{"line":39,"column":3}}]},"7":{"type":"branch","line":32,"loc":{"start":{"line":32,"column":27},"end":{"line":38,"column":5}},"locations":[{"start":{"line":32,"column":27},"end":{"line":38,"column":5}}]},"8":{"type":"branch","line":41,"loc":{"start":{"line":41,"column":2},"end":{"line":55,"column":3}},"locations":[{"start":{"line":41,"column":2},"end":{"line":55,"column":3}}]},"9":{"type":"branch","line":45,"loc":{"start":{"line":45,"column":33},"end":{"line":52,"column":5}},"locations":[{"start":{"line":45,"column":33},"end":{"line":52,"column":5}}]},"10":{"type":"branch","line":46,"loc":{"start":{"line":46,"column":27},"end":{"line":50,"column":7}},"locations":[{"start":{"line":46,"column":27},"end":{"line":50,"column":7}}]},"11":{"type":"branch","line":61,"loc":{"start":{"line":61,"column":2},"end":{"line":70,"column":3}},"locations":[{"start":{"line":61,"column":2},"end":{"line":70,"column":3}}]},"12":{"type":"branch","line":76,"loc":{"start":{"line":76,"column":2},"end":{"line":102,"column":3}},"locations":[{"start":{"line":76,"column":2},"end":{"line":102,"column":3}}]},"13":{"type":"branch","line":78,"loc":{"start":{"line":78,"column":28},"end":{"line":81,"column":5}},"locations":[{"start":{"line":78,"column":28},"end":{"line":81,"column":5}}]},"14":{"type":"branch","line":82,"loc":{"start":{"line":82,"column":-1},"end":{"line":87,"column":21}},"locations":[{"start":{"line":82,"column":-1},"end":{"line":87,"column":21}}]},"15":{"type":"branch","line":87,"loc":{"start":{"line":87,"column":21},"end":{"line":87,"column":36}},"locations":[{"start":{"line":87,"column":21},"end":{"line":87,"column":36}}]},"16":{"type":"branch","line":87,"loc":{"start":{"line":87,"column":38},"end":{"line":89,"column":5}},"locations":[{"start":{"line":87,"column":38},"end":{"line":89,"column":5}}]},"17":{"type":"branch","line":90,"loc":{"start":{"line":90,"column":-1},"end":{"line":91,"column":20}},"locations":[{"start":{"line":90,"column":-1},"end":{"line":91,"column":20}}]},"18":{"type":"branch","line":91,"loc":{"start":{"line":91,"column":20},"end":{"line":93,"column":5}},"locations":[{"start":{"line":91,"column":20},"end":{"line":93,"column":5}}]},"19":{"type":"branch","line":93,"loc":{"start":{"line":93,"column":5},"end":{"line":102,"column":2}},"locations":[{"start":{"line":93,"column":5},"end":{"line":102,"column":2}}]},"20":{"type":"branch","line":93,"loc":{"start":{"line":93,"column":27},"end":{"line":99,"column":5}},"locations":[{"start":{"line":93,"column":27},"end":{"line":99,"column":5}}]},"21":{"type":"branch","line":95,"loc":{"start":{"line":95,"column":27},"end":{"line":97,"column":5}},"locations":[{"start":{"line":95,"column":27},"end":{"line":97,"column":5}}]},"22":{"type":"branch","line":97,"loc":{"start":{"line":97,"column":27},"end":{"line":99,"column":5}},"locations":[{"start":{"line":97,"column":27},"end":{"line":99,"column":5}}]},"23":{"type":"branch","line":105,"loc":{"start":{"line":105,"column":28},"end":{"line":118,"column":2}},"locations":[{"start":{"line":105,"column":28},"end":{"line":118,"column":2}}]},"24":{"type":"branch","line":108,"loc":{"start":{"line":108,"column":36},"end":{"line":116,"column":3}},"locations":[{"start":{"line":108,"column":36},"end":{"line":116,"column":3}}]},"25":{"type":"branch","line":111,"loc":{"start":{"line":111,"column":38},"end":{"line":114,"column":5}},"locations":[{"start":{"line":111,"column":38},"end":{"line":114,"column":5}}]},"26":{"type":"branch","line":113,"loc":{"start":{"line":113,"column":38},"end":{"line":113,"column":47}},"locations":[{"start":{"line":113,"column":38},"end":{"line":113,"column":47}}]},"27":{"type":"branch","line":113,"loc":{"start":{"line":113,"column":48},"end":{"line":113,"column":57}},"locations":[{"start":{"line":113,"column":48},"end":{"line":113,"column":57}}]}},"b":{"0":[12],"1":[3],"2":[0],"3":[2],"4":[2],"5":[1],"6":[6],"7":[1],"8":[3],"9":[30],"10":[15],"11":[1],"12":[3],"13":[1],"14":[2],"15":[1],"16":[1],"17":[2],"18":[0],"19":[2],"20":[1],"21":[0],"22":[0],"23":[1],"24":[5],"25":[25],"26":[10],"27":[15]},"fnMap":{"0":{"name":"Robot","decl":{"start":{"line":5,"column":2},"end":{"line":8,"column":3}},"loc":{"start":{"line":5,"column":2},"end":{"line":8,"column":3}},"line":5},"1":{"name":"move","decl":{"start":{"line":15,"column":2},"end":{"line":29,"column":3}},"loc":{"start":{"line":15,"column":2},"end":{"line":29,"column":3}},"line":15},"2":{"name":"checkBattery","decl":{"start":{"line":31,"column":2},"end":{"line":39,"column":3}},"loc":{"start":{"line":31,"column":2},"end":{"line":39,"column":3}},"line":31},"3":{"name":"logBattery","decl":{"start":{"line":41,"column":2},"end":{"line":55,"column":3}},"loc":{"start":{"line":41,"column":2},"end":{"line":55,"column":3}},"line":41},"4":{"name":"clean","decl":{"start":{"line":61,"column":2},"end":{"line":70,"column":3}},"loc":{"start":{"line":61,"column":2},"end":{"line":70,"column":3}},"line":61},"5":{"name":"doWork","decl":{"start":{"line":76,"column":2},"end":{"line":102,"column":3}},"loc":{"start":{"line":76,"column":2},"end":{"line":102,"column":3}},"line":76},"6":{"name":"createLayout","decl":{"start":{"line":105,"column":28},"end":{"line":118,"column":2}},"loc":{"start":{"line":105,"column":28},"end":{"line":118,"column":2}},"line":105}},"f":{"0":12,"1":3,"2":6,"3":3,"4":1,"5":3,"6":1}}
,"D:\\apprentissage\\codeline-melvynx\\beginJavascript\\M9-les_tests\\beginjavascript-9.tests\\robots\\script.js": {"path":"D:\\apprentissage\\codeline-melvynx\\beginJavascript\\M9-les_tests\\beginjavascript-9.tests\\robots\\script.js","all":true,"statementMap":{"0":{"start":{"line":1,"column":0},"end":{"line":1,"column":35}},"1":{"start":{"line":2,"column":0},"end":{"line":2,"column":49}},"2":{"start":{"line":3,"column":0},"end":{"line":3,"column":0}},"3":{"start":{"line":4,"column":0},"end":{"line":4,"column":20}},"4":{"start":{"line":5,"column":0},"end":{"line":5,"column":29}},"5":{"start":{"line":6,"column":0},"end":{"line":6,"column":0}},"6":{"start":{"line":7,"column":0},"end":{"line":7,"column":26}},"7":{"start":{"line":8,"column":0},"end":{"line":8,"column":56}},"8":{"start":{"line":9,"column":0},"end":{"line":9,"column":15}},"9":{"start":{"line":10,"column":0},"end":{"line":10,"column":18}},"10":{"start":{"line":11,"column":0},"end":{"line":11,"column":0}},"11":{"start":{"line":12,"column":0},"end":{"line":12,"column":42}},"12":{"start":{"line":13,"column":0},"end":{"line":13,"column":20}},"13":{"start":{"line":14,"column":0},"end":{"line":14,"column":23}},"14":{"start":{"line":15,"column":0},"end":{"line":15,"column":22}},"15":{"start":{"line":16,"column":0},"end":{"line":16,"column":14}},"16":{"start":{"line":17,"column":0},"end":{"line":17,"column":0}},"17":{"start":{"line":18,"column":0},"end":{"line":18,"column":53}},"18":{"start":{"line":19,"column":0},"end":{"line":19,"column":13}},"19":{"start":{"line":20,"column":0},"end":{"line":20,"column":5}},"20":{"start":{"line":21,"column":0},"end":{"line":21,"column":0}},"21":{"start":{"line":22,"column":0},"end":{"line":22,"column":32}},"22":{"start":{"line":23,"column":0},"end":{"line":23,"column":62}},"23":{"start":{"line":24,"column":0},"end":{"line":24,"column":12}},"24":{"start":{"line":25,"column":0},"end":{"line":25,"column":2}},"25":{"start":{"line":26,"column":0},"end":{"line":26,"column":0}},"26":{"start":{"line":27,"column":0},"end":{"line":27,"column":7}}},"s":{"0":0,"1":0,"2":0,"3":0,"4":0,"5":0,"6":0,"7":0,"8":0,"9":0,"10":0,"11":0,"12":0,"13":0,"14":0,"15":0,"16":0,"17":0,"18":0,"19":0,"20":0,"21":0,"22":0,"23":0,"24":0,"25":0,"26":0},"branchMap":{"0":{"type":"branch","line":1,"loc":{"start":{"line":1,"column":0},"end":{"line":27,"column":7}},"locations":[{"start":{"line":1,"column":0},"end":{"line":27,"column":7}}]}},"b":{"0":[0]},"fnMap":{"0":{"name":"(empty-report)","decl":{"start":{"line":1,"column":0},"end":{"line":27,"column":7}},"loc":{"start":{"line":1,"column":0},"end":{"line":27,"column":7}},"line":1}},"f":{"0":0}}
,"D:\\apprentissage\\codeline-melvynx\\beginJavascript\\M9-les_tests\\beginjavascript-9.tests\\solutions\\part1.js": {"path":"D:\\apprentissage\\codeline-melvynx\\beginJavascript\\M9-les_tests\\beginjavascript-9.tests\\solutions\\part1.js","all":true,"statementMap":{"0":{"start":{"line":1,"column":0},"end":{"line":1,"column":68}},"1":{"start":{"line":2,"column":0},"end":{"line":2,"column":0}},"2":{"start":{"line":3,"column":0},"end":{"line":3,"column":16}},"3":{"start":{"line":4,"column":0},"end":{"line":4,"column":28}},"4":{"start":{"line":5,"column":0},"end":{"line":5,"column":7}},"5":{"start":{"line":6,"column":0},"end":{"line":6,"column":9}},"6":{"start":{"line":7,"column":0},"end":{"line":7,"column":41}},"7":{"start":{"line":8,"column":0},"end":{"line":8,"column":19}},"8":{"start":{"line":9,"column":0},"end":{"line":9,"column":61}},"9":{"start":{"line":10,"column":0},"end":{"line":10,"column":3}},"10":{"start":{"line":11,"column":0},"end":{"line":11,"column":2}},"11":{"start":{"line":12,"column":0},"end":{"line":12,"column":0}},"12":{"start":{"line":13,"column":0},"end":{"line":13,"column":8}},"13":{"start":{"line":14,"column":0},"end":{"line":14,"column":50}},"14":{"start":{"line":15,"column":0},"end":{"line":15,"column":60}},"15":{"start":{"line":16,"column":0},"end":{"line":16,"column":0}},"16":{"start":{"line":17,"column":0},"end":{"line":17,"column":30}},"17":{"start":{"line":18,"column":0},"end":{"line":18,"column":57}},"18":{"start":{"line":19,"column":0},"end":{"line":19,"column":3}},"19":{"start":{"line":20,"column":0},"end":{"line":20,"column":3}},"20":{"start":{"line":21,"column":0},"end":{"line":21,"column":0}},"21":{"start":{"line":22,"column":0},"end":{"line":22,"column":70}},"22":{"start":{"line":23,"column":0},"end":{"line":23,"column":70}},"23":{"start":{"line":24,"column":0},"end":{"line":24,"column":0}},"24":{"start":{"line":25,"column":0},"end":{"line":25,"column":79}},"25":{"start":{"line":26,"column":0},"end":{"line":26,"column":67}},"26":{"start":{"line":27,"column":0},"end":{"line":27,"column":3}},"27":{"start":{"line":28,"column":0},"end":{"line":28,"column":3}},"28":{"start":{"line":29,"column":0},"end":{"line":29,"column":0}},"29":{"start":{"line":30,"column":0},"end":{"line":30,"column":72}},"30":{"start":{"line":31,"column":0},"end":{"line":31,"column":74}},"31":{"start":{"line":32,"column":0},"end":{"line":32,"column":0}},"32":{"start":{"line":33,"column":0},"end":{"line":33,"column":81}},"33":{"start":{"line":34,"column":0},"end":{"line":34,"column":71}},"34":{"start":{"line":35,"column":0},"end":{"line":35,"column":3}},"35":{"start":{"line":36,"column":0},"end":{"line":36,"column":3}}},"s":{"0":0,"1":0,"2":0,"3":0,"4":0,"5":0,"6":0,"7":0,"8":0,"9":0,"10":0,"11":0,"12":0,"13":0,"14":0,"15":0,"16":0,"17":0,"18":0,"19":0,"20":0,"21":0,"22":0,"23":0,"24":0,"25":0,"26":0,"27":0,"28":0,"29":0,"30":0,"31":0,"32":0,"33":0,"34":0,"35":0},"branchMap":{"0":{"type":"branch","line":1,"loc":{"start":{"line":1,"column":0},"end":{"line":36,"column":3}},"locations":[{"start":{"line":1,"column":0},"end":{"line":36,"column":3}}]}},"b":{"0":[0]},"fnMap":{"0":{"name":"(empty-report)","decl":{"start":{"line":1,"column":0},"end":{"line":36,"column":3}},"loc":{"start":{"line":1,"column":0},"end":{"line":36,"column":3}},"line":1}},"f":{"0":0}}
,"D:\\apprentissage\\codeline-melvynx\\beginJavascript\\M9-les_tests\\beginjavascript-9.tests\\solutions\\part2.js": {"path":"D:\\apprentissage\\codeline-melvynx\\beginJavascript\\M9-les_tests\\beginjavascript-9.tests\\solutions\\part2.js","all":true,"statementMap":{"0":{"start":{"line":1,"column":0},"end":{"line":1,"column":68}},"1":{"start":{"line":2,"column":0},"end":{"line":2,"column":0}},"2":{"start":{"line":3,"column":0},"end":{"line":3,"column":16}},"3":{"start":{"line":4,"column":0},"end":{"line":4,"column":28}},"4":{"start":{"line":5,"column":0},"end":{"line":5,"column":7}},"5":{"start":{"line":6,"column":0},"end":{"line":6,"column":9}},"6":{"start":{"line":7,"column":0},"end":{"line":7,"column":41}},"7":{"start":{"line":8,"column":0},"end":{"line":8,"column":19}},"8":{"start":{"line":9,"column":0},"end":{"line":9,"column":61}},"9":{"start":{"line":10,"column":0},"end":{"line":10,"column":3}},"10":{"start":{"line":11,"column":0},"end":{"line":11,"column":2}},"11":{"start":{"line":12,"column":0},"end":{"line":12,"column":0}},"12":{"start":{"line":13,"column":0},"end":{"line":13,"column":31}},"13":{"start":{"line":14,"column":0},"end":{"line":14,"column":23}},"14":{"start":{"line":15,"column":0},"end":{"line":15,"column":30}},"15":{"start":{"line":16,"column":0},"end":{"line":16,"column":62}},"16":{"start":{"line":17,"column":0},"end":{"line":17,"column":5}},"17":{"start":{"line":18,"column":0},"end":{"line":18,"column":4}},"18":{"start":{"line":19,"column":0},"end":{"line":19,"column":31}},"19":{"start":{"line":20,"column":0},"end":{"line":20,"column":37}},"20":{"start":{"line":21,"column":0},"end":{"line":21,"column":22}},"21":{"start":{"line":22,"column":0},"end":{"line":22,"column":79}},"22":{"start":{"line":23,"column":0},"end":{"line":23,"column":8}},"23":{"start":{"line":24,"column":0},"end":{"line":24,"column":5}},"24":{"start":{"line":25,"column":0},"end":{"line":25,"column":4}},"25":{"start":{"line":26,"column":0},"end":{"line":26,"column":3}},"26":{"start":{"line":27,"column":0},"end":{"line":27,"column":0}},"27":{"start":{"line":28,"column":0},"end":{"line":28,"column":28}},"28":{"start":{"line":29,"column":0},"end":{"line":29,"column":42}},"29":{"start":{"line":30,"column":0},"end":{"line":30,"column":0}},"30":{"start":{"line":31,"column":0},"end":{"line":31,"column":10}},"31":{"start":{"line":32,"column":0},"end":{"line":32,"column":22}},"32":{"start":{"line":33,"column":0},"end":{"line":33,"column":4}},"33":{"start":{"line":34,"column":0},"end":{"line":34,"column":2}},"34":{"start":{"line":35,"column":0},"end":{"line":35,"column":0}},"35":{"start":{"line":36,"column":0},"end":{"line":36,"column":8}},"36":{"start":{"line":37,"column":0},"end":{"line":37,"column":50}},"37":{"start":{"line":38,"column":0},"end":{"line":38,"column":60}},"38":{"start":{"line":39,"column":0},"end":{"line":39,"column":0}},"39":{"start":{"line":40,"column":0},"end":{"line":40,"column":35}},"40":{"start":{"line":41,"column":0},"end":{"line":41,"column":3}},"41":{"start":{"line":42,"column":0},"end":{"line":42,"column":0}},"42":{"start":{"line":43,"column":0},"end":{"line":43,"column":70}},"43":{"start":{"line":44,"column":0},"end":{"line":44,"column":70}},"44":{"start":{"line":45,"column":0},"end":{"line":45,"column":0}},"45":{"start":{"line":46,"column":0},"end":{"line":46,"column":85}},"46":{"start":{"line":47,"column":0},"end":{"line":47,"column":8}},"47":{"start":{"line":48,"column":0},"end":{"line":48,"column":4}},"48":{"start":{"line":49,"column":0},"end":{"line":49,"column":3}},"49":{"start":{"line":50,"column":0},"end":{"line":50,"column":0}},"50":{"start":{"line":51,"column":0},"end":{"line":51,"column":72}},"51":{"start":{"line":52,"column":0},"end":{"line":52,"column":74}},"52":{"start":{"line":53,"column":0},"end":{"line":53,"column":0}},"53":{"start":{"line":54,"column":0},"end":{"line":54,"column":9}},"54":{"start":{"line":55,"column":0},"end":{"line":55,"column":76}},"55":{"start":{"line":56,"column":0},"end":{"line":56,"column":16}},"56":{"start":{"line":57,"column":0},"end":{"line":57,"column":3}}},"s":{"0":0,"1":0,"2":0,"3":0,"4":0,"5":0,"6":0,"7":0,"8":0,"9":0,"10":0,"11":0,"12":0,"13":0,"14":0,"15":0,"16":0,"17":0,"18":0,"19":0,"20":0,"21":0,"22":0,"23":0,"24":0,"25":0,"26":0,"27":0,"28":0,"29":0,"30":0,"31":0,"32":0,"33":0,"34":0,"35":0,"36":0,"37":0,"38":0,"39":0,"40":0,"41":0,"42":0,"43":0,"44":0,"45":0,"46":0,"47":0,"48":0,"49":0,"50":0,"51":0,"52":0,"53":0,"54":0,"55":0,"56":0},"branchMap":{"0":{"type":"branch","line":1,"loc":{"start":{"line":1,"column":0},"end":{"line":57,"column":3}},"locations":[{"start":{"line":1,"column":0},"end":{"line":57,"column":3}}]}},"b":{"0":[0]},"fnMap":{"0":{"name":"(empty-report)","decl":{"start":{"line":1,"column":0},"end":{"line":57,"column":3}},"loc":{"start":{"line":1,"column":0},"end":{"line":57,"column":3}},"line":1}},"f":{"0":0}}
}
